This file contains any messages produced by compilers while
running configure, to aid debugging if configure makes a mistake.

It was created by todo-redmine configure 0.1, which was
generated by GNU Autoconf 2.69.  Invocation command line was

  $ ./configure 

## --------- ##
## Platform. ##
## --------- ##

hostname = workraptor
uname -m = x86_64
uname -r = 3.13.0-24-generic
uname -s = Linux
uname -v = #47-Ubuntu SMP Fri May 2 23:30:00 UTC 2014

/usr/bin/uname -p = unknown
/bin/uname -X     = unknown

/bin/arch              = unknown
/usr/bin/arch -k       = unknown
/usr/convex/getsysinfo = unknown
/usr/bin/hostinfo      = unknown
/bin/machine           = unknown
/usr/bin/oslevel       = unknown
/bin/universe          = unknown

PATH: /home/torgiren/env/default3/bin
PATH: /usr/local/sbin
PATH: /usr/local/bin
PATH: /usr/sbin
PATH: /usr/bin
PATH: /sbin
PATH: /bin
PATH: /usr/games
PATH: /usr/local/games
PATH: /usr/sbin
PATH: /opt/sgpp-lite-arm-eabi-bin-2010.09.51/bin


## ----------- ##
## Core tests. ##
## ----------- ##

configure:1878: checking for a BSD-compatible install
configure:1946: result: /usr/bin/install -c
configure:1957: checking whether build environment is sane
configure:2012: result: yes
configure:2163: checking for a thread-safe mkdir -p
configure:2202: result: /bin/mkdir -p
configure:2209: checking for gawk
configure:2225: found /usr/bin/gawk
configure:2236: result: gawk
configure:2247: checking whether make sets $(MAKE)
configure:2269: result: yes
configure:2298: checking whether make supports nested variables
configure:2315: result: yes
configure:2492: checking for gcc
configure:2508: found /usr/bin/gcc
configure:2519: result: gcc
configure:2748: checking for C compiler version
configure:2757: gcc --version >&5
gcc (Ubuntu 4.8.2-19ubuntu1) 4.8.2
Copyright (C) 2013 Free Software Foundation, Inc.
This is free software; see the source for copying conditions.  There is NO
warranty; not even for MERCHANTABILITY or FITNESS FOR A PARTICULAR PURPOSE.

configure:2768: $? = 0
configure:2757: gcc -v >&5
Using built-in specs.
COLLECT_GCC=gcc
COLLECT_LTO_WRAPPER=/usr/lib/gcc/x86_64-linux-gnu/4.8/lto-wrapper
Target: x86_64-linux-gnu
Configured with: ../src/configure -v --with-pkgversion='Ubuntu 4.8.2-19ubuntu1' --with-bugurl=file:///usr/share/doc/gcc-4.8/README.Bugs --enable-languages=c,c++,java,go,d,fortran,objc,obj-c++ --prefix=/usr --program-suffix=-4.8 --enable-shared --enable-linker-build-id --libexecdir=/usr/lib --without-included-gettext --enable-threads=posix --with-gxx-include-dir=/usr/include/c++/4.8 --libdir=/usr/lib --enable-nls --with-sysroot=/ --enable-clocale=gnu --enable-libstdcxx-debug --enable-libstdcxx-time=yes --enable-gnu-unique-object --disable-libmudflap --enable-plugin --with-system-zlib --disable-browser-plugin --enable-java-awt=gtk --enable-gtk-cairo --with-java-home=/usr/lib/jvm/java-1.5.0-gcj-4.8-amd64/jre --enable-java-home --with-jvm-root-dir=/usr/lib/jvm/java-1.5.0-gcj-4.8-amd64 --with-jvm-jar-dir=/usr/lib/jvm-exports/java-1.5.0-gcj-4.8-amd64 --with-arch-directory=amd64 --with-ecj-jar=/usr/share/java/eclipse-ecj.jar --enable-objc-gc --enable-multiarch --disable-werror --with-arch-32=i686 --with-abi=m64 --with-multilib-list=m32,m64,mx32 --with-tune=generic --enable-checking=release --build=x86_64-linux-gnu --host=x86_64-linux-gnu --target=x86_64-linux-gnu
Thread model: posix
gcc version 4.8.2 (Ubuntu 4.8.2-19ubuntu1) 
configure:2768: $? = 0
configure:2757: gcc -V >&5
gcc: error: unrecognized command line option '-V'
gcc: fatal error: no input files
compilation terminated.
configure:2768: $? = 4
configure:2757: gcc -qversion >&5
gcc: error: unrecognized command line option '-qversion'
gcc: fatal error: no input files
compilation terminated.
configure:2768: $? = 4
configure:2788: checking whether the C compiler works
configure:2810: gcc    conftest.c  >&5
configure:2814: $? = 0
configure:2862: result: yes
configure:2865: checking for C compiler default output file name
configure:2867: result: a.out
configure:2873: checking for suffix of executables
configure:2880: gcc -o conftest    conftest.c  >&5
configure:2884: $? = 0
configure:2906: result: 
configure:2928: checking whether we are cross compiling
configure:2936: gcc -o conftest    conftest.c  >&5
configure:2940: $? = 0
configure:2947: ./conftest
configure:2951: $? = 0
configure:2966: result: no
configure:2971: checking for suffix of object files
configure:2993: gcc -c   conftest.c >&5
configure:2997: $? = 0
configure:3018: result: o
configure:3022: checking whether we are using the GNU C compiler
configure:3041: gcc -c   conftest.c >&5
configure:3041: $? = 0
configure:3050: result: yes
configure:3059: checking whether gcc accepts -g
configure:3079: gcc -c -g  conftest.c >&5
configure:3079: $? = 0
configure:3120: result: yes
configure:3137: checking for gcc option to accept ISO C89
configure:3200: gcc  -c -g -O2  conftest.c >&5
configure:3200: $? = 0
configure:3213: result: none needed
configure:3238: checking whether gcc understands -c and -o together
configure:3260: gcc -c conftest.c -o conftest2.o
configure:3263: $? = 0
configure:3260: gcc -c conftest.c -o conftest2.o
configure:3263: $? = 0
configure:3275: result: yes
configure:3303: checking for style of include used by make
configure:3331: result: GNU
configure:3357: checking dependency style of gcc
configure:3468: result: gcc3
configure:3486: checking for curl_global_init in -lcurl
configure:3511: gcc -o conftest -g -O2   conftest.c -lcurl   >&5
configure:3511: $? = 0
configure:3520: result: yes
configure:3689: checking that generated files are newer than configure
configure:3695: result: done
configure:3718: creating ./config.status

## ---------------------- ##
## Running config.status. ##
## ---------------------- ##

This file was extended by todo-redmine config.status 0.1, which was
generated by GNU Autoconf 2.69.  Invocation command line was

  CONFIG_FILES    = 
  CONFIG_HEADERS  = 
  CONFIG_LINKS    = 
  CONFIG_COMMANDS = 
  $ ./config.status 

on workraptor

config.status:773: creating Makefile
config.status:773: creating src/Makefile
config.status:945: executing depfiles commands

## ---------------- ##
## Cache variables. ##
## ---------------- ##

ac_cv_c_compiler_gnu=yes
ac_cv_env_CC_set=
ac_cv_env_CC_value=
ac_cv_env_CFLAGS_set=
ac_cv_env_CFLAGS_value=
ac_cv_env_CPPFLAGS_set=
ac_cv_env_CPPFLAGS_value=
ac_cv_env_LDFLAGS_set=
ac_cv_env_LDFLAGS_value=
ac_cv_env_LIBS_set=
ac_cv_env_LIBS_value=
ac_cv_env_build_alias_set=
ac_cv_env_build_alias_value=
ac_cv_env_host_alias_set=
ac_cv_env_host_alias_value=
ac_cv_env_target_alias_set=
ac_cv_env_target_alias_value=
ac_cv_lib_curl_curl_global_init=yes
ac_cv_objext=o
ac_cv_path_install='/usr/bin/install -c'
ac_cv_path_mkdir=/bin/mkdir
ac_cv_prog_AWK=gawk
ac_cv_prog_ac_ct_CC=gcc
ac_cv_prog_cc_c89=
ac_cv_prog_cc_g=yes
ac_cv_prog_make_make_set=yes
am_cv_CC_dependencies_compiler_type=gcc3
am_cv_make_support_nested_variables=yes
am_cv_prog_cc_c_o=yes

## ----------------- ##
## Output variables. ##
## ----------------- ##

ACLOCAL='${SHELL} /home/torgiren/c/todo-redmine/missing aclocal-1.14'
AMDEPBACKSLASH='\'
AMDEP_FALSE='#'
AMDEP_TRUE=''
AMTAR='$${TAR-tar}'
AM_BACKSLASH='\'
AM_DEFAULT_V='$(AM_DEFAULT_VERBOSITY)'
AM_DEFAULT_VERBOSITY='1'
AM_V='$(V)'
AUTOCONF='${SHELL} /home/torgiren/c/todo-redmine/missing autoconf'
AUTOHEADER='${SHELL} /home/torgiren/c/todo-redmine/missing autoheader'
AUTOMAKE='${SHELL} /home/torgiren/c/todo-redmine/missing automake-1.14'
AWK='gawk'
CC='gcc'
CCDEPMODE='depmode=gcc3'
CFLAGS='-g -O2'
CPPFLAGS=''
CYGPATH_W='echo'
DEFS='-DPACKAGE_NAME=\"todo-redmine\" -DPACKAGE_TARNAME=\"todo-redmine\" -DPACKAGE_VERSION=\"0.1\" -DPACKAGE_STRING=\"todo-redmine\ 0.1\" -DPACKAGE_BUGREPORT=\"todo-redmine@fabrykowski.pl\" -DPACKAGE_URL=\"\" -DPACKAGE=\"todo-redmine\" -DVERSION=\"0.1\" -DHAVE_LIBCURL=1'
DEPDIR='.deps'
ECHO_C=''
ECHO_N='-n'
ECHO_T=''
EXEEXT=''
INSTALL_DATA='${INSTALL} -m 644'
INSTALL_PROGRAM='${INSTALL}'
INSTALL_SCRIPT='${INSTALL}'
INSTALL_STRIP_PROGRAM='$(install_sh) -c -s'
LDFLAGS=''
LIBOBJS=''
LIBS='-lcurl '
LTLIBOBJS=''
MAKEINFO='${SHELL} /home/torgiren/c/todo-redmine/missing makeinfo'
MKDIR_P='/bin/mkdir -p'
OBJEXT='o'
PACKAGE='todo-redmine'
PACKAGE_BUGREPORT='todo-redmine@fabrykowski.pl'
PACKAGE_NAME='todo-redmine'
PACKAGE_STRING='todo-redmine 0.1'
PACKAGE_TARNAME='todo-redmine'
PACKAGE_URL=''
PACKAGE_VERSION='0.1'
PATH_SEPARATOR=':'
SET_MAKE=''
SHELL='/bin/bash'
STRIP=''
VERSION='0.1'
ac_ct_CC='gcc'
am__EXEEXT_FALSE=''
am__EXEEXT_TRUE='#'
am__fastdepCC_FALSE='#'
am__fastdepCC_TRUE=''
am__include='include'
am__isrc=''
am__leading_dot='.'
am__nodep='_no'
am__quote=''
am__tar='$${TAR-tar} chof - "$$tardir"'
am__untar='$${TAR-tar} xf -'
bindir='${exec_prefix}/bin'
build_alias=''
datadir='${datarootdir}'
datarootdir='${prefix}/share'
docdir='${datarootdir}/doc/${PACKAGE_TARNAME}'
dvidir='${docdir}'
exec_prefix='${prefix}'
host_alias=''
htmldir='${docdir}'
includedir='${prefix}/include'
infodir='${datarootdir}/info'
install_sh='${SHELL} /home/torgiren/c/todo-redmine/install-sh'
libdir='${exec_prefix}/lib'
libexecdir='${exec_prefix}/libexec'
localedir='${datarootdir}/locale'
localstatedir='${prefix}/var'
mandir='${datarootdir}/man'
mkdir_p='$(MKDIR_P)'
oldincludedir='/usr/include'
pdfdir='${docdir}'
prefix='/usr/local'
program_transform_name='s,x,x,'
psdir='${docdir}'
sbindir='${exec_prefix}/sbin'
sharedstatedir='${prefix}/com'
sysconfdir='${prefix}/etc'
target_alias=''

## ----------- ##
## confdefs.h. ##
## ----------- ##

/* confdefs.h */
#define PACKAGE_NAME "todo-redmine"
#define PACKAGE_TARNAME "todo-redmine"
#define PACKAGE_VERSION "0.1"
#define PACKAGE_STRING "todo-redmine 0.1"
#define PACKAGE_BUGREPORT "todo-redmine@fabrykowski.pl"
#define PACKAGE_URL ""
#define PACKAGE "todo-redmine"
#define VERSION "0.1"
#define HAVE_LIBCURL 1

configure: exit 0
